<?xml version="1.0" encoding="UTF-8"?>
<testng-results total="2" passed="2" failed="0" skipped="0">
  <reporter-output>
  </reporter-output>
  <suite started-at="2022-01-12T07:30:14Z" name="Suite" finished-at="2022-01-12T07:30:16Z" duration-ms="1342">
    <groups>
    </groups>
    <test started-at="2022-01-12T07:30:14Z" name="Test" finished-at="2022-01-12T07:30:16Z" duration-ms="1342">
      <class name="testcases.TestPublicAPI">
        <test-method is-config="true" signature="setUp()[pri:0, instance:testcases.TestPublicAPI@2df3b89c]" started-at="2022-01-12T13:00:14Z" name="setUp" finished-at="2022-01-12T13:00:14Z" duration-ms="281" status="PASS">
          <reporter-output>
          </reporter-output>
        </test-method> <!-- setUp -->
        <test-method signature="verifyContent()[pri:0, instance:testcases.TestPublicAPI@2df3b89c]" started-at="2022-01-12T13:00:14Z" name="verifyContent" finished-at="2022-01-12T13:00:15Z" duration-ms="1122" status="PASS">
          <reporter-output>
          </reporter-output>
        </test-method> <!-- verifyContent -->
        <test-method signature="verifyStatus()[pri:0, instance:testcases.TestPublicAPI@2df3b89c]" started-at="2022-01-12T13:00:15Z" name="verifyStatus" finished-at="2022-01-12T13:00:16Z" duration-ms="213" status="PASS">
          <reporter-output>
          </reporter-output>
        </test-method> <!-- verifyStatus -->
      </class> <!-- testcases.TestPublicAPI -->
    </test> <!-- Test -->
  </suite> <!-- Suite -->
</testng-results>
